<?xml version="1.0" encoding="UTF-8"?>
<!-- Generated by org.testng.reporters.JUnitReportReporter -->
<testsuite hostname="SatheeshChaganti" failures="0" tests="1" name="stepDef.TestRunner" time="25.412" errors="0" timestamp="2023-06-24T12:55:52 IST" skipped="0">
  <testcase classname="stepDef.TestRunner" name="runScenario" time="25.412"/>
  <system-out/>
</testsuite> <!-- stepDef.TestRunner -->
